Flow report for de2_lcddriver
Sat Feb 28 17:29:32 2015
Quartus II 64-Bit Version 13.0.0 Build 156 04/24/2013 SJ Web Edition


---------------------
; Table of Contents ;
---------------------
  1. Legal Notice
  2. Flow Summary
  3. Flow Settings
  4. Flow Non-Default Global Settings
  5. Flow Elapsed Time
  6. Flow OS Summary
  7. Flow Log
  8. Flow Messages
  9. Flow Suppressed Messages



----------------
; Legal Notice ;
----------------
Copyright (C) 1991-2013 Altera Corporation
Your use of Altera Corporation's design tools, logic functions 
and other software and tools, and its AMPP partner logic 
functions, and any output files from any of the foregoing 
(including device programming or simulation files), and any 
associated documentation or information are expressly subject 
to the terms and conditions of the Altera Program License 
Subscription Agreement, Altera MegaCore Function License 
Agreement, or other applicable license agreement, including, 
without limitation, that your use is for the sole purpose of 
programming logic devices manufactured by Altera and sold by 
Altera or its authorized distributors.  Please refer to the 
applicable agreement for further details.



+---------------------------------------------------------------------------------+
; Flow Summary                                                                    ;
+------------------------------------+--------------------------------------------+
; Flow Status                        ; Successful - Sat Feb 28 17:29:32 2015      ;
; Quartus II 64-Bit Version          ; 13.0.0 Build 156 04/24/2013 SJ Web Edition ;
; Revision Name                      ; de2_lcddriver                              ;
; Top-level Entity Name              ; de2_lcddriver                              ;
; Family                             ; Cyclone II                                 ;
; Device                             ; EP2C35F672C6                               ;
; Timing Models                      ; Final                                      ;
; Total logic elements               ; 174 / 33,216 ( < 1 % )                     ;
;     Total combinational functions  ; 173 / 33,216 ( < 1 % )                     ;
;     Dedicated logic registers      ; 58 / 33,216 ( < 1 % )                      ;
; Total registers                    ; 68                                         ;
; Total pins                         ; 15 / 475 ( 3 % )                           ;
; Total virtual pins                 ; 0                                          ;
; Total memory bits                  ; 0 / 483,840 ( 0 % )                        ;
; Embedded Multiplier 9-bit elements ; 0 / 70 ( 0 % )                             ;
; Total PLLs                         ; 0 / 4 ( 0 % )                              ;
+------------------------------------+--------------------------------------------+


+-----------------------------------------+
; Flow Settings                           ;
+-------------------+---------------------+
; Option            ; Setting             ;
+-------------------+---------------------+
; Start date & time ; 02/28/2015 17:29:09 ;
; Main task         ; Compilation         ;
; Revision Name     ; de2_lcddriver       ;
+-------------------+---------------------+


+------------------------------------------------------------------------------------------------------------------+
; Flow Non-Default Global Settings                                                                                 ;
+-------------------------------------+-----------------------------+---------------+-------------+----------------+
; Assignment Name                     ; Value                       ; Default Value ; Entity Name ; Section Id     ;
+-------------------------------------+-----------------------------+---------------+-------------+----------------+
; COMPILER_SIGNATURE_ID               ; 91769641570.142517334905868 ; --            ; --          ; --             ;
; EDA_OUTPUT_DATA_FORMAT              ; Verilog Hdl                 ; --            ; --          ; eda_simulation ;
; EDA_SIMULATION_TOOL                 ; ModelSim-Altera (Verilog)   ; <None>        ; --          ; --             ;
; MAX_CORE_JUNCTION_TEMP              ; 85                          ; --            ; --          ; --             ;
; MIN_CORE_JUNCTION_TEMP              ; 0                           ; --            ; --          ; --             ;
; PARTITION_COLOR                     ; 2147039                     ; --            ; --          ; Top            ;
; PARTITION_FITTER_PRESERVATION_LEVEL ; PLACEMENT_AND_ROUTING       ; --            ; --          ; Top            ;
; PARTITION_NETLIST_TYPE              ; SOURCE                      ; --            ; --          ; Top            ;
; PROJECT_OUTPUT_DIRECTORY            ; output_files                ; --            ; --          ; --             ;
+-------------------------------------+-----------------------------+---------------+-------------+----------------+


+-------------------------------------------------------------------------------------------------------------------------------+
; Flow Elapsed Time                                                                                                             ;
+---------------------------+--------------+-------------------------+---------------------+------------------------------------+
; Module Name               ; Elapsed Time ; Average Processors Used ; Peak Virtual Memory ; Total CPU Time (on all processors) ;
+---------------------------+--------------+-------------------------+---------------------+------------------------------------+
; Analysis & Synthesis      ; 00:00:04     ; 1.0                     ; 455 MB              ; 00:00:01                           ;
; Fitter                    ; 00:00:09     ; 1.0                     ; 670 MB              ; 00:00:07                           ;
; Assembler                 ; 00:00:04     ; 1.0                     ; 429 MB              ; 00:00:02                           ;
; TimeQuest Timing Analyzer ; 00:00:03     ; 1.0                     ; 413 MB              ; 00:00:01                           ;
; EDA Netlist Writer        ; 00:00:02     ; 1.0                     ; 381 MB              ; 00:00:00                           ;
; Total                     ; 00:00:22     ; --                      ; --                  ; 00:00:11                           ;
+---------------------------+--------------+-------------------------+---------------------+------------------------------------+


+----------------------------------------------------------------------------------------+
; Flow OS Summary                                                                        ;
+---------------------------+------------------+-----------+------------+----------------+
; Module Name               ; Machine Hostname ; OS Name   ; OS Version ; Processor type ;
+---------------------------+------------------+-----------+------------+----------------+
; Analysis & Synthesis      ; jimi-pc          ; Windows 7 ; 6.2        ; x86_64         ;
; Fitter                    ; jimi-pc          ; Windows 7 ; 6.2        ; x86_64         ;
; Assembler                 ; jimi-pc          ; Windows 7 ; 6.2        ; x86_64         ;
; TimeQuest Timing Analyzer ; jimi-pc          ; Windows 7 ; 6.2        ; x86_64         ;
; EDA Netlist Writer        ; jimi-pc          ; Windows 7 ; 6.2        ; x86_64         ;
+---------------------------+------------------+-----------+------------+----------------+


------------
; Flow Log ;
------------
quartus_map --read_settings_files=on --write_settings_files=off de2_lcddriver -c de2_lcddriver
quartus_fit --read_settings_files=off --write_settings_files=off de2_lcddriver -c de2_lcddriver
quartus_asm --read_settings_files=off --write_settings_files=off de2_lcddriver -c de2_lcddriver
quartus_sta de2_lcddriver -c de2_lcddriver
quartus_eda --read_settings_files=off --write_settings_files=off de2_lcddriver -c de2_lcddriver



